{
  "0 debug pnpm:scope": {
    "selected": 1,
    "total": 3
  },
  "1 info pnpm": {
    "err": {
      "name": "Error",
      "message": "This modules directory was created using the following registries configuration: {\"default\":\"https://registry.npmjs.org/\"}. The current configuration is {\"default\":\"http://modules.bluefoot.com.br/\",\"@bluefoot\":\"http://modules.bluefoot.com.br/\"}. To recreate the modules directory using the new settings, run \"pnpm install\".",
      "code": "ERR_PNPM_REGISTRIES_MISMATCH",
      "stack": "Error: This modules directory was created using the following registries configuration: {\"default\":\"https://registry.npmjs.org/\"}. The current configuration is {\"default\":\"http://modules.bluefoot.com.br/\",\"@bluefoot\":\"http://modules.bluefoot.com.br/\"}. To recreate the modules directory using the new settings, run \"pnpm install\".\n    at validateModules (/Users/godoy/.nvm/versions/node/v12.14.1/lib/node_modules/pnpm/dist/pnpm.js:86849:13)\n    at async Object.getContext [as default] (/Users/godoy/.nvm/versions/node/v12.14.1/lib/node_modules/pnpm/dist/pnpm.js:86721:24)\n    at async mutateModules (/Users/godoy/.nvm/versions/node/v12.14.1/lib/node_modules/pnpm/dist/pnpm.js:111232:17)\n    at async Object.addDependenciesToPackage (/Users/godoy/.nvm/versions/node/v12.14.1/lib/node_modules/pnpm/dist/pnpm.js:111539:22)\n    at async /Users/godoy/.nvm/versions/node/v12.14.1/lib/node_modules/pnpm/dist/pnpm.js:113756:29"
    }
  },
  "2 error pnpm": {
    "message": {
      "code": "ERR_PNPM_REGISTRIES_MISMATCH",
      "prefix": "/Users/godoy/Documents/client-server-example/packages/web"
    },
    "err": {
      "name": "Error",
      "message": "This modules directory was created using the following registries configuration: {\"default\":\"https://registry.npmjs.org/\"}. The current configuration is {\"default\":\"http://modules.bluefoot.com.br/\",\"@bluefoot\":\"http://modules.bluefoot.com.br/\"}. To recreate the modules directory using the new settings, run \"pnpm install\".",
      "code": "ERR_PNPM_REGISTRIES_MISMATCH",
      "stack": "Error: This modules directory was created using the following registries configuration: {\"default\":\"https://registry.npmjs.org/\"}. The current configuration is {\"default\":\"http://modules.bluefoot.com.br/\",\"@bluefoot\":\"http://modules.bluefoot.com.br/\"}. To recreate the modules directory using the new settings, run \"pnpm install\".\n    at validateModules (/Users/godoy/.nvm/versions/node/v12.14.1/lib/node_modules/pnpm/dist/pnpm.js:86849:13)\n    at async Object.getContext [as default] (/Users/godoy/.nvm/versions/node/v12.14.1/lib/node_modules/pnpm/dist/pnpm.js:86721:24)\n    at async mutateModules (/Users/godoy/.nvm/versions/node/v12.14.1/lib/node_modules/pnpm/dist/pnpm.js:111232:17)\n    at async Object.addDependenciesToPackage (/Users/godoy/.nvm/versions/node/v12.14.1/lib/node_modules/pnpm/dist/pnpm.js:111539:22)\n    at async /Users/godoy/.nvm/versions/node/v12.14.1/lib/node_modules/pnpm/dist/pnpm.js:113756:29"
    }
  }
}